<?xml version="1.0" encoding="UTF-8"?>
<testng-results skipped="0" failed="0" ignored="0" total="1" passed="1">
  <reporter-output>
  </reporter-output>
  <suite name="Default suite" duration-ms="162" started-at="2020-06-27T08:14:17Z" finished-at="2020-06-27T08:14:18Z">
    <groups>
    </groups>
    <test name="Default test" duration-ms="162" started-at="2020-06-27T08:14:17Z" finished-at="2020-06-27T08:14:18Z">
      <class name="Day1.InvocationTimeout">
        <test-method status="PASS" signature="test()[pri:0, instance:Day1.InvocationTimeout@2b98378d]" name="test" duration-ms="47" started-at="2020-06-27T08:14:17Z" finished-at="2020-06-27T08:14:18Z">
          <reporter-output>
          </reporter-output>
        </test-method> <!-- test -->
      </class> <!-- Day1.InvocationTimeout -->
    </test> <!-- Default test -->
  </suite> <!-- Default suite -->
</testng-results>
